#
# There is insufficient memory for the Java Runtime Environment to continue.
# Native memory allocation (malloc) failed to allocate 1048576 bytes for AllocateHeap
# Possible reasons:
#   The system is out of physical RAM or swap space
#   The process is running with CompressedOops enabled, and the Java Heap may be blocking the growth of the native heap
# Possible solutions:
#   Reduce memory load on the system
#   Increase physical memory or swap space
#   Check if swap backing store is full
#   Decrease Java heap size (-Xmx/-Xms)
#   Decrease number of Java threads
#   Decrease Java thread stack sizes (-Xss)
#   Set larger code cache with -XX:ReservedCodeCacheSize=
#   JVM is running with Zero Based Compressed Oops mode in which the Java heap is
#     placed in the first 32GB address space. The Java Heap base address is the
#     maximum limit for the native heap growth. Please use -XX:HeapBaseMinAddress
#     to set the Java Heap base and to place the Java Heap above 32GB virtual address.
# This output file may be truncated or incomplete.
#
#  Out of Memory Error (memory/allocation.inline.hpp:61), pid=30940, tid=0x000000000000752c
#
# JRE version:  (8.0_202-b08) (build )
# Java VM: Java HotSpot(TM) 64-Bit Server VM (25.202-b08 mixed mode windows-amd64 compressed oops)
# Failed to write core dump. Minidumps are not enabled by default on client versions of Windows
#

---------------  T H R E A D  ---------------

Current thread (0x0000000003013000):  JavaThread "Unknown thread" [_thread_in_vm, id=29996, stack(0x0000000002ea0000,0x0000000002fa0000)]

Stack: [0x0000000002ea0000,0x0000000002fa0000]
[error occurred during error reporting (printing stack bounds), id 0xc0000005]

Native frames: (J=compiled Java code, j=interpreted, Vv=VM code, C=native code)


---------------  P R O C E S S  ---------------

Java Threads: ( => current thread )

Other Threads:

=>0x0000000003013000 (exited) JavaThread "Unknown thread" [_thread_in_vm, id=29996, stack(0x0000000002ea0000,0x0000000002fa0000)]

VM state:not at safepoint (normal execution)

VM Mutex/Monitor currently owned by a thread: None

heap address: 0x00000006c3600000, size: 4042 MB, Compressed Oops mode: Zero based, Oop shift amount: 3
Narrow klass base: 0x0000000000000000, Narrow klass shift: 3
Compressed class space size: 1073741824 Address: 0x00000007c0000000

Heap:
 PSYoungGen      total 75776K, used 1300K [0x000000076bd00000, 0x0000000771180000, 0x00000007c0000000)
  eden space 65024K, 2% used [0x000000076bd00000,0x000000076be451f8,0x000000076fc80000)
  from space 10752K, 0% used [0x0000000770700000,0x0000000770700000,0x0000000771180000)
  to   space 10752K, 0% used [0x000000076fc80000,0x000000076fc80000,0x0000000770700000)
 ParOldGen       total 173568K, used 0K [0x00000006c3600000, 0x00000006cdf80000, 0x000000076bd00000)
  object space 173568K, 0% used [0x00000006c3600000,0x00000006c3600000,0x00000006cdf80000)
 Metaspace       used 775K, capacity 4480K, committed 4480K, reserved 1056768K
  class space    used 76K, capacity 384K, committed 384K, reserved 1048576K

Card table byte_map: [0x00000000124d0000,0x0000000012cc0000] byte_map_base: 0x000000000eeb5000

Marking Bits: (ParMarkBitMap*) 0x0000000056655ce0
 Begin Bits: [0x0000000013f10000, 0x0000000017e38000)
 End Bits:   [0x0000000017e38000, 0x000000001bd60000)

Polling page: 0x00000000015d0000

CodeCache: size=245760Kb used=328Kb max_used=328Kb free=245431Kb
 bounds [0x0000000003110000, 0x0000000003380000, 0x0000000012110000]
 total_blobs=58 nmethods=0 adapters=38
 compilation: enabled

Compilation events (0 events):
No events

GC Heap History (0 events):
No events

Deoptimization events (0 events):
No events

Classes redefined (0 events):
No events

Internal exceptions (0 events):
No events

Events (10 events):
Event: 0.023 loading class java/lang/Short
Event: 0.023 loading class java/lang/Short done
Event: 0.023 loading class java/lang/Integer
Event: 0.023 loading class java/lang/Integer done
Event: 0.023 loading class java/lang/Long
Event: 0.023 loading class java/lang/Long done
Event: 0.024 loading class java/lang/NullPointerException
Event: 0.024 loading class java/lang/NullPointerException done
Event: 0.024 loading class java/lang/ArithmeticException
Event: 0.024 loading class java/lang/ArithmeticException done


Dynamic libraries:
0x00007ff7351c0000 - 0x00007ff7351f7000 	C:\Program Files\Java\jdk1.8.0_202\bin\javaw.exe
0x00007ff88ac80000 - 0x00007ff88ae89000 	C:\Windows\SYSTEM32\ntdll.dll
0x00007ff889b90000 - 0x00007ff889c4e000 	C:\Windows\System32\KERNEL32.DLL
0x00007ff888190000 - 0x00007ff888514000 	C:\Windows\System32\KERNELBASE.dll
0x00007ff88a560000 - 0x00007ff88a60f000 	C:\Windows\System32\ADVAPI32.dll
0x00007ff88a130000 - 0x00007ff88a1d3000 	C:\Windows\System32\msvcrt.dll
0x00007ff889ef0000 - 0x00007ff889f8e000 	C:\Windows\System32\sechost.dll
0x00007ff88aa90000 - 0x00007ff88abb1000 	C:\Windows\System32\RPCRT4.dll
0x00007ff888bc0000 - 0x00007ff888d6d000 	C:\Windows\System32\USER32.dll
0x00007ff888520000 - 0x00007ff888546000 	C:\Windows\System32\win32u.dll
0x00007ff888b00000 - 0x00007ff888b2a000 	C:\Windows\System32\GDI32.dll
0x00007ff888860000 - 0x00007ff88897f000 	C:\Windows\System32\gdi32full.dll
0x00007ff888980000 - 0x00007ff888a1d000 	C:\Windows\System32\msvcp_win.dll
0x00007ff8886c0000 - 0x00007ff8887d1000 	C:\Windows\System32\ucrtbase.dll
0x00007ff863f30000 - 0x00007ff8641d5000 	C:\Windows\WinSxS\amd64_microsoft.windows.common-controls_6595b64144ccf1df_6.0.22000.120_none_9d947278b86cc467\COMCTL32.dll
0x00007ff889a10000 - 0x00007ff889a41000 	C:\Windows\System32\IMM32.DLL
0x00000000566e0000 - 0x00000000567b2000 	C:\Program Files\Java\jdk1.8.0_202\jre\bin\msvcr100.dll
0x0000000055e30000 - 0x00000000566d5000 	C:\Program Files\Java\jdk1.8.0_202\jre\bin\server\jvm.dll
0x00007ff889d70000 - 0x00007ff889d78000 	C:\Windows\System32\PSAPI.DLL
0x00007ff85c380000 - 0x00007ff85c389000 	C:\Windows\SYSTEM32\WSOCK32.dll
0x00007ff8821e0000 - 0x00007ff882213000 	C:\Windows\SYSTEM32\WINMM.dll
0x00007ff888b30000 - 0x00007ff888b9f000 	C:\Windows\System32\WS2_32.dll
0x00007ff87d730000 - 0x00007ff87d73a000 	C:\Windows\SYSTEM32\VERSION.dll
0x00007ff883320000 - 0x00007ff88332f000 	C:\Program Files\Java\jdk1.8.0_202\jre\bin\verify.dll
0x00007ff864230000 - 0x00007ff864259000 	C:\Program Files\Java\jdk1.8.0_202\jre\bin\java.dll
0x00007ff874090000 - 0x00007ff8740a6000 	C:\Program Files\Java\jdk1.8.0_202\jre\bin\zip.dll

VM Arguments:
jvm_args: -Dfile.encoding=UTF-8 
java_command: hust.soict.dsai.aims.screen.StoreScreen
java_class_path (initial): C:\Users\VU TUAN MINH\eclipse-workspace\AimsProject\bin;C:\Users\VU TUAN MINH\OneDrive - Hanoi University of Science and Technology\Desktop\javafx-sdk-20.0.1\lib\javafx.base.jar;C:\Users\VU TUAN MINH\OneDrive - Hanoi University of Science and Technology\Desktop\javafx-sdk-20.0.1\lib\javafx.controls.jar;C:\Users\VU TUAN MINH\OneDrive - Hanoi University of Science and Technology\Desktop\javafx-sdk-20.0.1\lib\javafx.fxml.jar;C:\Users\VU TUAN MINH\OneDrive - Hanoi University of Science and Technology\Desktop\javafx-sdk-20.0.1\lib\javafx.graphics.jar;C:\Users\VU TUAN MINH\OneDrive - Hanoi University of Science and Technology\Desktop\javafx-sdk-20.0.1\lib\javafx.media.jar;C:\Users\VU TUAN MINH\OneDrive - Hanoi University of Science and Technology\Desktop\javafx-sdk-20.0.1\lib\javafx.swing.jar;C:\Users\VU TUAN MINH\OneDrive - Hanoi University of Science and Technology\Desktop\javafx-sdk-20.0.1\lib\javafx.web.jar;C:\Users\VU TUAN MINH\OneDrive - Hanoi University of Science and Technology\Desktop\javafx-sdk-20.0.1\lib\javafx-swt.jar;C:\Users\VU TUAN MINH\OneDrive - Hanoi University of Science and Technology\Desktop\eclipse\plugins\org.eclipse.fx.ide.css.jfx8_3.10.0.202303150700.jar
Launcher Type: SUN_STANDARD

Environment Variables:
USERNAME=VU TUAN MINH
OS=Windows_NT
PROCESSOR_IDENTIFIER=Intel64 Family 6 Model 141 Stepping 1, GenuineIntel



---------------  S Y S T E M  ---------------

OS: Windows 10.0 , 64 bit Build 22000 (10.0.22000.2003)

CPU:total 16 (initial active 16) (8 cores per cpu, 2 threads per core) family 6 model 141 stepping 1, cmov, cx8, fxsr, mmx, sse, sse2, sse3, ssse3, sse4.1, sse4.2, popcnt, avx, avx2, aes, clmul, erms, 3dnowpref, lzcnt, ht, tsc, tscinvbit, bmi1, bmi2, adx

Memory: 4k page, physical 16551224k(5098956k free), swap 40326524k(5632k free)

vm_info: Java HotSpot(TM) 64-Bit Server VM (25.202-b08) for windows-amd64 JRE (1.8.0_202-b08), built on Dec 15 2018 19:54:30 by "java_re" with MS VC++ 10.0 (VS2010)

time: Wed Jul 05 10:01:46 2023
timezone: SE Asia Standard Time
elapsed time: 0 seconds (0d 0h 0m 0s)

